2025-10-15 09:14:00 | INFO     | rvm_sistemi_oturum_var | OTURUM_VAR: Motor hazır - Sistem başlatıldı
2025-10-15 09:14:00 | INFO     | rvm_sistemi_oturum_var | OTURUM_VAR: Motor kontrol referansı ayarlandı
2025-10-15 09:15:02 | INFO     | rvm_sistemi_oturum_var | OTURUM_VAR: Motor hazır - Sistem başlatıldı
2025-10-15 09:15:02 | INFO     | rvm_sistemi_oturum_var | OTURUM_VAR: Motor kontrol referansı ayarlandı
2025-10-15 09:16:19 | INFO     | rvm_sistemi_oturum_var | OTURUM_VAR: Motor hazır - Sistem başlatıldı
2025-10-15 09:16:19 | INFO     | rvm_sistemi_oturum_var | OTURUM_VAR: Motor kontrol referansı ayarlandı
2025-10-15 09:23:53 | INFO     | rvm_sistemi_oturum_var | OTURUM_VAR: Motor hazır - Sistem başlatıldı
2025-10-15 09:23:53 | INFO     | rvm_sistemi_oturum_var | OTURUM_VAR: Motor kontrol referansı ayarlandı
2025-10-15 09:28:09 | INFO     | rvm_sistemi_oturum_var | OTURUM_VAR: Motor hazır - Sistem başlatıldı
2025-10-15 09:28:09 | INFO     | rvm_sistemi_oturum_var | OTURUM_VAR: Motor kontrol referansı ayarlandı
2025-10-15 09:30:42 | INFO     | rvm_sistemi_oturum_var | OTURUM_VAR: Motor hazır - Sistem başlatıldı
2025-10-15 09:30:42 | INFO     | rvm_sistemi_oturum_var | OTURUM_VAR: Motor kontrol referansı ayarlandı
2025-10-15 09:39:38 | INFO     | rvm_sistemi_oturum_var | OTURUM_VAR: Motor hazır - Sistem başlatıldı
2025-10-15 09:39:38 | INFO     | rvm_sistemi_oturum_var | OTURUM_VAR: Motor kontrol referansı ayarlandı
2025-10-15 09:40:43 | INFO     | rvm_sistemi_oturum_var | OTURUM_VAR: Motor hazır - Sistem başlatıldı
2025-10-15 09:40:43 | INFO     | rvm_sistemi_oturum_var | OTURUM_VAR: Motor kontrol referansı ayarlandı
2025-10-15 09:45:22 | INFO     | rvm_sistemi_oturum_var | OTURUM_VAR: Motor hazır - Sistem başlatıldı
2025-10-15 09:45:22 | INFO     | rvm_sistemi_oturum_var | OTURUM_VAR: Motor kontrol referansı ayarlandı
2025-10-15 09:48:03 | INFO     | rvm_sistemi_oturum_var | OTURUM_VAR: Motor hazır - Sistem başlatıldı
2025-10-15 09:48:03 | INFO     | rvm_sistemi_oturum_var | OTURUM_VAR: Motor kontrol referansı ayarlandı
2025-10-15 10:23:51 | INFO     | rvm_sistemi_oturum_var | OTURUM_VAR: Motor hazır - Sistem başlatıldı
2025-10-15 10:23:51 | INFO     | rvm_sistemi_oturum_var | OTURUM_VAR: Motor kontrol referansı ayarlandı
2025-10-15 10:26:22 | INFO     | rvm_sistemi_oturum_var | OTURUM_VAR: Motor hazır - Sistem başlatıldı
2025-10-15 10:26:22 | INFO     | rvm_sistemi_oturum_var | OTURUM_VAR: Motor kontrol referansı ayarlandı
2025-10-15 10:31:13 | INFO     | rvm_sistemi_oturum_var | OTURUM_VAR: Motor hazır - Sistem başlatıldı
2025-10-15 10:31:13 | INFO     | rvm_sistemi_oturum_var | OTURUM_VAR: Motor kontrol referansı ayarlandı
2025-10-15 10:34:34 | INFO     | rvm_sistemi_oturum_var | OTURUM_VAR: Motor hazır - Sistem başlatıldı
2025-10-15 10:34:34 | INFO     | rvm_sistemi_oturum_var | OTURUM_VAR: Motor kontrol referansı ayarlandı
2025-10-15 10:38:24 | INFO     | rvm_sistemi_oturum_var | OTURUM_VAR: Motor hazır - Sistem başlatıldı
2025-10-15 10:38:24 | INFO     | rvm_sistemi_oturum_var | OTURUM_VAR: Motor kontrol referansı ayarlandı
2025-10-15 10:49:24 | INFO     | rvm_sistemi_oturum_var | OTURUM_VAR: Motor hazır - Sistem başlatıldı
2025-10-15 10:49:24 | INFO     | rvm_sistemi_oturum_var | OTURUM_VAR: Motor kontrol referansı ayarlandı
2025-10-15 10:53:34 | INFO     | rvm_sistemi_oturum_var | OTURUM_VAR: Motor hazır - Sistem başlatıldı
2025-10-15 10:53:34 | INFO     | rvm_sistemi_oturum_var | OTURUM_VAR: Motor kontrol referansı ayarlandı
2025-10-15 10:55:15 | INFO     | rvm_sistemi_oturum_var | OTURUM_VAR: Motor hazır - Sistem başlatıldı
2025-10-15 10:55:15 | INFO     | rvm_sistemi_oturum_var | OTURUM_VAR: Motor kontrol referansı ayarlandı
2025-10-15 10:58:00 | INFO     | rvm_sistemi_oturum_var | OTURUM_VAR: Motor hazır - Sistem başlatıldı
2025-10-15 10:58:00 | INFO     | rvm_sistemi_oturum_var | OTURUM_VAR: Motor kontrol referansı ayarlandı
2025-10-15 10:58:01 | INFO     | rvm_sistemi_oturum_var | OTURUM_VAR: Aktif oturum başlatıldı - Lojik thread başlatılıyor
2025-10-15 10:58:03 | INFO     | rvm_sistemi_oturum_var | OTURUM_VAR: YMK: Konveyör dur
2025-10-15 11:06:16 | INFO     | rvm_sistemi_oturum_var | OTURUM_VAR: Motor hazır - Sistem başlatıldı
2025-10-15 11:06:16 | INFO     | rvm_sistemi_oturum_var | OTURUM_VAR: Motor kontrol referansı ayarlandı
2025-10-15 11:15:49 | INFO     | rvm_sistemi_oturum_var | OTURUM_VAR: Motor hazır - Sistem başlatıldı
2025-10-15 11:15:49 | INFO     | rvm_sistemi_oturum_var | OTURUM_VAR: Motor kontrol referansı ayarlandı
2025-10-15 11:28:42 | INFO     | rvm_sistemi_oturum_var | OTURUM_VAR: Motor hazır - Sistem başlatıldı
2025-10-15 11:28:42 | INFO     | rvm_sistemi_oturum_var | OTURUM_VAR: Motor kontrol referansı ayarlandı
2025-10-15 11:31:04 | INFO     | rvm_sistemi_oturum_var | OTURUM_VAR: Motor hazır - Sistem başlatıldı
2025-10-15 11:31:04 | INFO     | rvm_sistemi_oturum_var | OTURUM_VAR: Motor kontrol referansı ayarlandı
2025-10-15 11:41:19 | INFO     | rvm_sistemi_oturum_var | OTURUM_VAR: Motor hazır - Sistem başlatıldı
2025-10-15 11:41:19 | INFO     | rvm_sistemi_oturum_var | OTURUM_VAR: Motor kontrol referansı ayarlandı
2025-10-15 11:54:17 | INFO     | rvm_sistemi_oturum_var | OTURUM_VAR: Motor hazır - Sistem başlatıldı
2025-10-15 11:54:17 | INFO     | rvm_sistemi_oturum_var | OTURUM_VAR: Motor kontrol referansı ayarlandı
2025-10-15 11:55:03 | INFO     | rvm_sistemi_oturum_var | OTURUM_VAR: Motor hazır - Sistem başlatıldı
2025-10-15 11:55:03 | INFO     | rvm_sistemi_oturum_var | OTURUM_VAR: Motor kontrol referansı ayarlandı
2025-10-15 11:57:33 | INFO     | rvm_sistemi_oturum_var | OTURUM_VAR: Motor hazır - Sistem başlatıldı
2025-10-15 11:57:33 | INFO     | rvm_sistemi_oturum_var | OTURUM_VAR: Motor kontrol referansı ayarlandı
2025-10-15 12:03:01 | INFO     | rvm_sistemi_oturum_var | OTURUM_VAR: Aktif oturum başlatıldı - Lojik thread başlatılıyor
2025-10-15 12:03:05 | INFO     | rvm_sistemi_oturum_var | OTURUM_VAR: GSI: Konveyör ileri
2025-10-15 12:03:05 | INFO     | rvm_sistemi_oturum_var | OTURUM_VAR: Kuyruk: Yeni ürün eklendi (Toplam: 1)
2025-10-15 12:03:05 | INFO     | rvm_sistemi_oturum_var | OTURUM_VAR: Yeni ürün - Barkod: 4833477134173, UUID: d3606e81-9b79-4508-98e8-93b7acc6a4f4
2025-10-15 12:03:06 | INFO     | rvm_sistemi_oturum_var | OTURUM_VAR: GSO: Görüntü işleme başlatılıyor
2025-10-15 12:03:06 | INFO     | rvm_sistemi_oturum_var | OTURUM_VAR: Görüntü işleme tamamlandı: 2
2025-10-15 12:03:06 | INFO     | rvm_sistemi_oturum_var | OTURUM_VAR: Ağırlık: Ölçülen=276.28g, Konveyör=0.00g, Gerçek=276.28g
2025-10-15 12:03:06 | INFO     | rvm_sistemi_oturum_var | OTURUM_VAR: Doğrulama başlıyor: 4833477134173
2025-10-15 12:03:06 | INFO     | rvm_sistemi_oturum_var | OTURUM_VAR: Doğrulama başladı: 4833477134173 | 276.28g | Tür:2
2025-10-15 12:03:06 | INFO     | rvm_sistemi_oturum_var | OTURUM_VAR: Ürün işlendi (Kalan: 0)
2025-10-15 12:03:06 | INFO     | rvm_sistemi_oturum_var | OTURUM_VAR: Kuyruk boş - yeni ürün kabul edilebilir
2025-10-15 12:03:06 | INFO     | rvm_sistemi_oturum_var | OTURUM_VAR: YSI tetiklendi
2025-10-15 12:03:07 | INFO     | rvm_sistemi_oturum_var | OTURUM_VAR: YSO: Yönlendirme başlatıldı
2025-10-15 12:03:27 | INFO     | rvm_sistemi_oturum_var | OTURUM_VAR: GSI: Konveyör ileri
2025-10-15 12:03:27 | INFO     | rvm_sistemi_oturum_var | OTURUM_VAR: Kuyruk: Yeni ürün eklendi (Toplam: 1)
2025-10-15 12:03:27 | INFO     | rvm_sistemi_oturum_var | OTURUM_VAR: Yeni ürün - Barkod: 4833477134173, UUID: 3f449960-bddf-431e-8199-84f0273d515e
2025-10-15 12:03:28 | INFO     | rvm_sistemi_oturum_var | OTURUM_VAR: GSO: Görüntü işleme başlatılıyor
2025-10-15 12:03:28 | INFO     | rvm_sistemi_oturum_var | OTURUM_VAR: Görüntü işleme tamamlandı: 2
2025-10-15 12:03:28 | INFO     | rvm_sistemi_oturum_var | OTURUM_VAR: YSI tetiklendi
2025-10-15 12:03:28 | INFO     | rvm_sistemi_oturum_var | OTURUM_VAR: Ağırlık: Ölçülen=251.34g, Konveyör=0.00g, Gerçek=251.34g
2025-10-15 12:03:28 | INFO     | rvm_sistemi_oturum_var | OTURUM_VAR: Doğrulama başlıyor: 4833477134173
2025-10-15 12:03:28 | INFO     | rvm_sistemi_oturum_var | OTURUM_VAR: Doğrulama başladı: 4833477134173 | 251.34g | Tür:2
2025-10-15 12:03:28 | INFO     | rvm_sistemi_oturum_var | OTURUM_VAR: Ürün işlendi (Kalan: 0)
2025-10-15 12:03:28 | INFO     | rvm_sistemi_oturum_var | OTURUM_VAR: Kuyruk boş - yeni ürün kabul edilebilir
2025-10-15 12:03:29 | INFO     | rvm_sistemi_oturum_var | OTURUM_VAR: YSO: Yönlendirme başlatıldı
2025-10-15 12:03:34 | INFO     | rvm_sistemi_oturum_var | OTURUM_VAR: Kuyruk: Yeni ürün eklendi (Toplam: 1)
2025-10-15 12:03:34 | INFO     | rvm_sistemi_oturum_var | OTURUM_VAR: Yeni ürün - Barkod: 4833477134173, UUID: e2b4985a-b571-4567-8c45-4ebb1e863369
2025-10-15 12:09:32 | INFO     | rvm_sistemi_oturum_var | OTURUM_VAR: Motor hazır - Sistem başlatıldı
2025-10-15 12:09:32 | INFO     | rvm_sistemi_oturum_var | OTURUM_VAR: Motor kontrol referansı ayarlandı
2025-10-15 12:14:02 | INFO     | rvm_sistemi_oturum_var | OTURUM_VAR: Motor hazır - Sistem başlatıldı
2025-10-15 12:14:02 | INFO     | rvm_sistemi_oturum_var | OTURUM_VAR: Motor kontrol referansı ayarlandı
2025-10-15 12:22:56 | INFO     | rvm_sistemi_oturum_var | OTURUM_VAR: Motor hazır - Sistem başlatıldı
2025-10-15 12:22:56 | INFO     | rvm_sistemi_oturum_var | OTURUM_VAR: Motor kontrol referansı ayarlandı
2025-10-15 12:27:24 | INFO     | rvm_sistemi_oturum_var | OTURUM_VAR: Motor hazır - Sistem başlatıldı
2025-10-15 12:27:24 | INFO     | rvm_sistemi_oturum_var | OTURUM_VAR: Motor kontrol referansı ayarlandı
2025-10-15 12:34:03 | INFO     | rvm_sistemi_oturum_var | OTURUM_VAR: Motor hazır - Sistem başlatıldı
2025-10-15 12:34:03 | INFO     | rvm_sistemi_oturum_var | OTURUM_VAR: Motor kontrol referansı ayarlandı
2025-10-15 12:35:15 | INFO     | rvm_sistemi_oturum_var | OTURUM_VAR: Motor hazır - Sistem başlatıldı
2025-10-15 12:35:15 | INFO     | rvm_sistemi_oturum_var | OTURUM_VAR: Motor kontrol referansı ayarlandı
2025-10-15 12:38:06 | INFO     | rvm_sistemi_oturum_var | OTURUM_VAR: Motor hazır - Sistem başlatıldı
2025-10-15 12:38:06 | INFO     | rvm_sistemi_oturum_var | OTURUM_VAR: Motor kontrol referansı ayarlandı
2025-10-15 12:41:04 | INFO     | rvm_sistemi_oturum_var | OTURUM_VAR: Motor hazır - Sistem başlatıldı
2025-10-15 12:41:04 | INFO     | rvm_sistemi_oturum_var | OTURUM_VAR: Motor kontrol referansı ayarlandı
2025-10-15 12:42:16 | INFO     | rvm_sistemi_oturum_var | OTURUM_VAR: Motor hazır - Sistem başlatıldı
2025-10-15 12:42:16 | INFO     | rvm_sistemi_oturum_var | OTURUM_VAR: Motor kontrol referansı ayarlandı
2025-10-15 12:49:01 | INFO     | rvm_sistemi_oturum_var | OTURUM_VAR: Motor hazır - Sistem başlatıldı
2025-10-15 12:49:01 | INFO     | rvm_sistemi_oturum_var | OTURUM_VAR: Motor kontrol referansı ayarlandı
2025-10-15 12:55:40 | INFO     | rvm_sistemi_oturum_var | OTURUM_VAR: Motor hazır - Sistem başlatıldı
2025-10-15 12:55:40 | INFO     | rvm_sistemi_oturum_var | OTURUM_VAR: Motor kontrol referansı ayarlandı
2025-10-15 12:58:49 | INFO     | rvm_sistemi_oturum_var | OTURUM_VAR: Motor hazır - Sistem başlatıldı
2025-10-15 12:58:49 | INFO     | rvm_sistemi_oturum_var | OTURUM_VAR: Motor kontrol referansı ayarlandı
2025-10-15 13:11:38 | INFO     | rvm_sistemi_oturum_var | OTURUM_VAR: Motor hazır - Sistem başlatıldı
2025-10-15 13:11:38 | INFO     | rvm_sistemi_oturum_var | OTURUM_VAR: Motor kontrol referansı ayarlandı
2025-10-15 13:18:34 | INFO     | rvm_sistemi_oturum_var | OTURUM_VAR: Motor hazır - Sistem başlatıldı
2025-10-15 13:18:34 | INFO     | rvm_sistemi_oturum_var | OTURUM_VAR: Motor kontrol referansı ayarlandı
2025-10-15 13:19:14 | INFO     | rvm_sistemi_oturum_var | OTURUM_VAR: Motor hazır - Sistem başlatıldı
2025-10-15 13:19:14 | INFO     | rvm_sistemi_oturum_var | OTURUM_VAR: Motor kontrol referansı ayarlandı
2025-10-15 13:25:09 | INFO     | rvm_sistemi_oturum_var | OTURUM_VAR: Motor hazır - Sistem başlatıldı
2025-10-15 13:25:09 | INFO     | rvm_sistemi_oturum_var | OTURUM_VAR: Motor kontrol referansı ayarlandı
2025-10-15 13:46:05 | INFO     | rvm_sistemi_oturum_var | OTURUM_VAR: Motor hazır - Sistem başlatıldı
2025-10-15 13:46:05 | INFO     | rvm_sistemi_oturum_var | OTURUM_VAR: Motor kontrol referansı ayarlandı
2025-10-15 13:47:10 | INFO     | rvm_sistemi_oturum_var | OTURUM_VAR: Motor hazır - Sistem başlatıldı
2025-10-15 13:47:10 | INFO     | rvm_sistemi_oturum_var | OTURUM_VAR: Motor kontrol referansı ayarlandı
2025-10-15 13:52:15 | INFO     | rvm_sistemi_oturum_var | OTURUM_VAR: Motor hazır - Sistem başlatıldı
2025-10-15 13:52:15 | INFO     | rvm_sistemi_oturum_var | OTURUM_VAR: Motor kontrol referansı ayarlandı
2025-10-15 13:54:30 | INFO     | rvm_sistemi_oturum_var | OTURUM_VAR: Aktif oturum başlatıldı - Lojik thread başlatılıyor
2025-10-15 13:54:51 | INFO     | rvm_sistemi_oturum_var | OTURUM_VAR: Kuyruk: Yeni ürün eklendi (Toplam: 1)
2025-10-15 13:54:51 | INFO     | rvm_sistemi_oturum_var | OTURUM_VAR: Yeni ürün - Barkod: 1923807447974, UUID: 8ae2fdcf-1b3b-4f89-b746-fa32d95298ce
2025-10-15 13:55:19 | INFO     | rvm_sistemi_oturum_var | OTURUM_VAR: Motor hazır - Sistem başlatıldı
2025-10-15 13:55:19 | INFO     | rvm_sistemi_oturum_var | OTURUM_VAR: Motor kontrol referansı ayarlandı
2025-10-15 13:55:57 | INFO     | rvm_sistemi_oturum_var | OTURUM_VAR: Motor hazır - Sistem başlatıldı
2025-10-15 13:55:57 | INFO     | rvm_sistemi_oturum_var | OTURUM_VAR: Motor kontrol referansı ayarlandı
2025-10-15 13:56:20 | INFO     | rvm_sistemi_oturum_var | OTURUM_VAR: Aktif oturum başlatıldı - Lojik thread başlatılıyor
2025-10-15 13:56:25 | INFO     | rvm_sistemi_oturum_var | OTURUM_VAR: GSI: Konveyör ileri
2025-10-15 13:56:25 | INFO     | rvm_sistemi_oturum_var | OTURUM_VAR: Kuyruk: Yeni ürün eklendi (Toplam: 1)
2025-10-15 13:56:25 | INFO     | rvm_sistemi_oturum_var | OTURUM_VAR: Yeni ürün - Barkod: 1923807447974, UUID: ca8a9df4-83b3-4c48-92f9-e122468baad8
2025-10-15 13:56:25 | INFO     | rvm_sistemi_oturum_var | OTURUM_VAR: GSO: Görüntü işleme başlatılıyor
2025-10-15 13:56:26 | INFO     | rvm_sistemi_oturum_var | OTURUM_VAR: Görüntü işleme tamamlandı: 0
2025-10-15 13:56:26 | INFO     | rvm_sistemi_oturum_var | OTURUM_VAR: Ağırlık: Ölçülen=-3.08g, Konveyör=0.00g, Gerçek=-3.08g
2025-10-15 13:56:26 | INFO     | rvm_sistemi_oturum_var | OTURUM_VAR: Doğrulama başlıyor: 1923807447974
2025-10-15 13:56:26 | INFO     | rvm_sistemi_oturum_var | OTURUM_VAR: Doğrulama başladı: 1923807447974 | -3.08g | Tür:0
2025-10-15 13:56:26 | INFO     | rvm_sistemi_oturum_var | OTURUM_VAR: Ürün işlendi (Kalan: 0)
2025-10-15 13:56:26 | INFO     | rvm_sistemi_oturum_var | OTURUM_VAR: Kuyruk boş - yeni ürün kabul edilebilir
2025-10-15 13:56:26 | INFO     | rvm_sistemi_oturum_var | OTURUM_VAR: YSI tetiklendi
2025-10-15 13:56:26 | INFO     | rvm_sistemi_oturum_var | OTURUM_VAR: YSO: Yönlendirme başlatıldı
2025-10-15 13:56:30 | INFO     | rvm_sistemi_oturum_var | OTURUM_VAR: GSI: Konveyör ileri
2025-10-15 13:56:31 | INFO     | rvm_sistemi_oturum_var | OTURUM_VAR: Kuyruk: Yeni ürün eklendi (Toplam: 1)
2025-10-15 13:56:31 | INFO     | rvm_sistemi_oturum_var | OTURUM_VAR: Yeni ürün - Barkod: 1923807447974, UUID: 43fcaa30-0d01-49a9-a8a9-74e5457aee24
2025-10-15 13:56:31 | INFO     | rvm_sistemi_oturum_var | OTURUM_VAR: GSO: Görüntü işleme başlatılıyor
2025-10-15 13:56:31 | INFO     | rvm_sistemi_oturum_var | OTURUM_VAR: Görüntü işleme tamamlandı: 3
2025-10-15 13:56:31 | INFO     | rvm_sistemi_oturum_var | OTURUM_VAR: Ağırlık: Ölçülen=26.13g, Konveyör=0.00g, Gerçek=26.13g
2025-10-15 13:56:31 | INFO     | rvm_sistemi_oturum_var | OTURUM_VAR: Doğrulama başlıyor: 1923807447974
2025-10-15 13:56:31 | INFO     | rvm_sistemi_oturum_var | OTURUM_VAR: Doğrulama başladı: 1923807447974 | 26.13g | Tür:3
2025-10-15 13:56:31 | INFO     | rvm_sistemi_oturum_var | OTURUM_VAR: Ürün işlendi (Kalan: 0)
2025-10-15 13:56:31 | INFO     | rvm_sistemi_oturum_var | OTURUM_VAR: Kuyruk boş - yeni ürün kabul edilebilir
2025-10-15 13:56:31 | INFO     | rvm_sistemi_oturum_var | OTURUM_VAR: YSI tetiklendi
2025-10-15 13:56:32 | INFO     | rvm_sistemi_oturum_var | OTURUM_VAR: YSO: Yönlendirme başlatıldı
2025-10-15 13:56:32 | INFO     | rvm_sistemi_oturum_var | OTURUM_VAR: Yönlendirme: ALÜMİNYUM - 1923807447974
2025-10-15 13:56:32 | INFO     | rvm_sistemi_oturum_var | OTURUM_VAR: ALÜMİNYUM yönlendiricisine gönderildi
2025-10-15 13:56:32 | INFO     | rvm_sistemi_oturum_var | OTURUM_VAR: Yönlendirme tamamlandı (Kalan: 0)
2025-10-15 13:56:33 | INFO     | rvm_sistemi_oturum_var | OTURUM_VAR: YMK: Konveyör dur
2025-10-15 14:05:40 | INFO     | rvm_sistemi_oturum_var | OTURUM_VAR: Motor hazır - Sistem başlatıldı
2025-10-15 14:05:40 | INFO     | rvm_sistemi_oturum_var | OTURUM_VAR: Motor kontrol referansı ayarlandı
2025-10-15 14:08:01 | INFO     | rvm_sistemi_oturum_var | OTURUM_VAR: Motor hazır - Sistem başlatıldı
2025-10-15 14:08:01 | INFO     | rvm_sistemi_oturum_var | OTURUM_VAR: Motor kontrol referansı ayarlandı
